[debug] [2023-05-19T15:56:56.044Z] ----------------------------------------------------------------------
[debug] [2023-05-19T15:56:56.046Z] Command:       C:\Program Files\nodejs\node.exe C:\Users\k sagar\AppData\Roaming\npm\node_modules\firebase-tools\lib\bin\firebase.js emulators:start
[debug] [2023-05-19T15:56:56.047Z] CLI Version:   11.24.0
[debug] [2023-05-19T15:56:56.047Z] Platform:      win32
[debug] [2023-05-19T15:56:56.047Z] Node Version:  v16.15.1
[debug] [2023-05-19T15:56:56.053Z] Time:          Fri May 19 2023 21:26:56 GMT+0530 (India Standard Time)
[debug] [2023-05-19T15:56:56.053Z] ----------------------------------------------------------------------
[debug] 
[debug] [2023-05-19T15:56:56.057Z] >>> [apiv2][query] GET https://firebase-public.firebaseio.com/cli.json [none]
[debug] [2023-05-19T15:56:56.149Z] > command requires scopes: ["email","openid","https://www.googleapis.com/auth/cloudplatformprojects.readonly","https://www.googleapis.com/auth/firebase","https://www.googleapis.com/auth/cloud-platform"]
[debug] [2023-05-19T15:56:56.150Z] > authorizing via signed-in user (sagar22krishna03@gmail.com)
[info] i  emulators: Starting emulators: functions, hosting {"metadata":{"emulator":{"name":"hub"},"message":"Starting emulators: functions, hosting"}}
[debug] [2023-05-19T15:56:56.169Z] [logging] Logging Emulator only supports listening on one address (127.0.0.1). Not listening on ::1
[debug] [2023-05-19T15:56:56.169Z] [hosting] Hosting Emulator only supports listening on one address (127.0.0.1). Not listening on ::1
[debug] [2023-05-19T15:56:56.169Z] assigned listening specs for emulators {"user":{"hub":[{"address":"127.0.0.1","family":"IPv4","port":4400},{"address":"::1","family":"IPv6","port":4400}],"ui":[{"address":"127.0.0.1","family":"IPv4","port":4000},{"address":"::1","family":"IPv6","port":4000}],"logging":[{"address":"127.0.0.1","family":"IPv4","port":4500}],"hosting":[{"address":"127.0.0.1","family":"IPv4","port":5000}]},"metadata":{"message":"assigned listening specs for emulators"}}
[debug] [2023-05-19T15:56:56.178Z] [hub] writing locator at C:\Users\KSAGAR~1\AppData\Local\Temp\hub-gamer-freak.json
[debug] [2023-05-19T15:56:56.219Z] [functions] Functions Emulator only supports listening on one address (127.0.0.1). Not listening on ::1
[debug] [2023-05-19T15:56:56.220Z] [eventarc] Eventarc Emulator only supports listening on one address (127.0.0.1). Not listening on ::1
[debug] [2023-05-19T15:56:56.220Z] late-assigned ports for functions and eventarc emulators {"user":{"hub":[{"address":"127.0.0.1","family":"IPv4","port":4400},{"address":"::1","family":"IPv6","port":4400}],"ui":[{"address":"127.0.0.1","family":"IPv4","port":4000},{"address":"::1","family":"IPv6","port":4000}],"logging":[{"address":"127.0.0.1","family":"IPv4","port":4500}],"hosting":[{"address":"127.0.0.1","family":"IPv4","port":5000}],"functions":[{"address":"127.0.0.1","family":"IPv4","port":5001}],"eventarc":[{"address":"127.0.0.1","family":"IPv4","port":9299}]},"metadata":{"message":"late-assigned ports for functions and eventarc emulators"}}
[warn] !  functions: The following emulators are not running, calls to these services from the Functions emulator will affect production: auth, firestore, database, pubsub, storage {"metadata":{"emulator":{"name":"functions"},"message":"The following emulators are not running, calls to these services from the Functions emulator will affect production: \u001b[1mauth, firestore, database, pubsub, storage\u001b[22m"}}
[debug] [2023-05-19T15:56:56.226Z] defaultcredentials: writing to file C:\Users\k sagar\AppData\Roaming\firebase\sagar22krishna03_gmail_com_application_default_credentials.json
[debug] [2023-05-19T15:56:56.229Z] Setting GAC to C:\Users\k sagar\AppData\Roaming\firebase\sagar22krishna03_gmail_com_application_default_credentials.json {"metadata":{"emulator":{"name":"functions"},"message":"Setting GAC to C:\\Users\\k sagar\\AppData\\Roaming\\firebase\\sagar22krishna03_gmail_com_application_default_credentials.json"}}
[debug] [2023-05-19T15:56:56.230Z] > refreshing access token with scopes: []
[debug] [2023-05-19T15:56:56.231Z] >>> [apiv2][query] POST https://www.googleapis.com/oauth2/v3/token [none]
[debug] [2023-05-19T15:56:56.231Z] >>> [apiv2][body] POST https://www.googleapis.com/oauth2/v3/token [omitted]
[debug] [2023-05-19T15:56:56.398Z] <<< [apiv2][status] POST https://www.googleapis.com/oauth2/v3/token 200
[debug] [2023-05-19T15:56:56.398Z] <<< [apiv2][body] POST https://www.googleapis.com/oauth2/v3/token [omitted]
[debug] [2023-05-19T15:56:56.412Z] >>> [apiv2][query] GET https://firebase.googleapis.com/v1beta1/projects/gamer-freak/adminSdkConfig [none]
[debug] [2023-05-19T15:56:56.804Z] <<< [apiv2][status] GET https://firebase-public.firebaseio.com/cli.json 200
[debug] [2023-05-19T15:56:56.804Z] <<< [apiv2][body] GET https://firebase-public.firebaseio.com/cli.json {"cloudBuildErrorAfter":1594252800000,"cloudBuildWarnAfter":1590019200000,"defaultNode10After":1594252800000,"minVersion":"3.0.5","node8DeploysDisabledAfter":1613390400000,"node8RuntimeDisabledAfter":1615809600000,"node8WarnAfter":1600128000000}
[debug] [2023-05-19T15:56:56.825Z] <<< [apiv2][status] GET https://firebase.googleapis.com/v1beta1/projects/gamer-freak/adminSdkConfig 200
[debug] [2023-05-19T15:56:56.825Z] <<< [apiv2][body] GET https://firebase.googleapis.com/v1beta1/projects/gamer-freak/adminSdkConfig {"projectId":"gamer-freak","storageBucket":"gamer-freak.appspot.com"}
[debug] [2023-05-19T15:56:56.845Z] >>> [apiv2][query] GET https://firebasehosting.googleapis.com/v1beta1/projects/gamer-freak/sites 
[debug] [2023-05-19T15:56:57.828Z] <<< [apiv2][status] GET https://firebasehosting.googleapis.com/v1beta1/projects/gamer-freak/sites 200
[debug] [2023-05-19T15:56:57.828Z] <<< [apiv2][body] GET https://firebasehosting.googleapis.com/v1beta1/projects/gamer-freak/sites {"sites":[{"name":"projects/gamer-freak/sites/gamer-freak","defaultUrl":"https://gamer-freak.web.app","appId":"1:683449690775:web:ba9ea38040617924a3d7d2","type":"DEFAULT_SITE"}]}
[debug] [2023-05-19T15:56:57.828Z] >>> [apiv2][query] GET https://firebase.googleapis.com/v1beta1/projects/gamer-freak/webApps/1:683449690775:web:ba9ea38040617924a3d7d2/config [none]
[debug] [2023-05-19T15:56:59.057Z] <<< [apiv2][status] GET https://firebase.googleapis.com/v1beta1/projects/gamer-freak/webApps/1:683449690775:web:ba9ea38040617924a3d7d2/config 200
[debug] [2023-05-19T15:56:59.057Z] <<< [apiv2][body] GET https://firebase.googleapis.com/v1beta1/projects/gamer-freak/webApps/1:683449690775:web:ba9ea38040617924a3d7d2/config {"projectId":"gamer-freak","appId":"1:683449690775:web:ba9ea38040617924a3d7d2","storageBucket":"gamer-freak.appspot.com","apiKey":"AIzaSyB5NulY02NaTOlIkYBfoww6NqksaxnX-YE","authDomain":"gamer-freak.firebaseapp.com","messagingSenderId":"683449690775","measurementId":"G-EH2R2XFSWB"}
[debug] [2023-05-19T15:56:59.064Z] >>> [apiv2][query] GET https://firebase.googleapis.com/v1beta1/projects/gamer-freak [none]
[debug] [2023-05-19T15:56:59.431Z] <<< [apiv2][status] GET https://firebase.googleapis.com/v1beta1/projects/gamer-freak 200
[debug] [2023-05-19T15:56:59.431Z] <<< [apiv2][body] GET https://firebase.googleapis.com/v1beta1/projects/gamer-freak {"projectId":"gamer-freak","projectNumber":"683449690775","displayName":"Gamer-freak","name":"projects/gamer-freak","resources":{"hostingSite":"gamer-freak"},"state":"ACTIVE","etag":"1_fbb74566-eb5b-43db-a4a1-0dcf6409dba5"}
[info] i  hosting[gamer-freak]: Serving hosting files from: build {"metadata":{"emulator":{"name":"hosting"},"message":"Serving hosting files from: \u001b[1mbuild\u001b[22m"}}
[info] +  hosting[gamer-freak]: Local server: http://127.0.0.1:5000 {"metadata":{"emulator":{"name":"hosting"},"message":"Local server: \u001b[4m\u001b[1mhttp://127.0.0.1:5000\u001b[22m\u001b[24m"}}
[debug] [2023-05-19T15:56:59.459Z] Ignoring unsupported arg: auto_download {"metadata":{"emulator":{"name":"ui"},"message":"Ignoring unsupported arg: auto_download"}}
[debug] [2023-05-19T15:56:59.459Z] Ignoring unsupported arg: port {"metadata":{"emulator":{"name":"ui"},"message":"Ignoring unsupported arg: port"}}
[debug] [2023-05-19T15:56:59.459Z] Starting Emulator UI with command {"binary":"node","args":["C:\\Users\\k sagar\\.cache\\firebase\\emulators\\ui-v1.11.4\\server\\server.js"],"optionalArgs":[],"joinArgs":false} {"metadata":{"emulator":{"name":"ui"},"message":"Starting Emulator UI with command {\"binary\":\"node\",\"args\":[\"C:\\\\Users\\\\k sagar\\\\.cache\\\\firebase\\\\emulators\\\\ui-v1.11.4\\\\server\\\\server.js\"],\"optionalArgs\":[],\"joinArgs\":false}"}}
[info] i  ui: Emulator UI logging to ui-debug.log {"metadata":{"emulator":{"name":"ui"},"message":"Emulator UI logging to \u001b[1mui-debug.log\u001b[22m"}}
[debug] [2023-05-19T15:56:59.617Z] Web / API server started at 127.0.0.1:4000
 {"metadata":{"emulator":{"name":"ui"},"message":"Web / API server started at 127.0.0.1:4000\n"}}
[debug] [2023-05-19T15:56:59.617Z] Web / API server started at ::1:4000
 {"metadata":{"emulator":{"name":"ui"},"message":"Web / API server started at ::1:4000\n"}}
[info] i  functions: Watching "C:\Users\k sagar\OneDrive\Desktop\gamer-freak\functions" for Cloud Functions... {"metadata":{"emulator":{"name":"functions"},"message":"Watching \"C:\\Users\\k sagar\\OneDrive\\Desktop\\gamer-freak\\functions\" for Cloud Functions..."}}
[debug] [2023-05-19T15:56:59.737Z] Validating nodejs source
[warn] !  functions: package.json indicates an outdated version of firebase-functions. Please upgrade using npm install --save firebase-functions@latest in your functions directory. 
[debug] [2023-05-19T15:57:00.874Z] > [functions] package.json contents: {
  "name": "functions",
  "description": "Cloud Functions for Firebase",
  "scripts": {
    "serve": "firebase emulators:start --only functions",
    "shell": "firebase functions:shell",
    "start": "nodemon index.js",
    "deploy": "firebase deploy --only functions",
    "logs": "firebase functions:log"
  },
  "engines": {
    "node": "16"
  },
  "main": "index.js",
  "dependencies": {
    "cors": "^2.8.5",
    "express": "^4.18.2",
    "firebase-admin": "^11.5.0",
    "firebase-functions": "^4.2.0",
    "nodemon": "^2.0.22",
    "react-stripe": "^0.1.0",
    "stripe": "^12.2.0",
    "uuid": "^9.0.0"
  },
  "devDependencies": {
    "eslint-config-google": "^0.14.0",
    "firebase-functions-test": "^3.0.0"
  },
  "private": true
}
[debug] [2023-05-19T15:57:00.874Z] Building nodejs source
[debug] [2023-05-19T15:57:00.875Z] Failed to find version of module node: reached end of search path C:\Users\k sagar\OneDrive\Desktop\gamer-freak\functions\node_modules
[info] +  functions: Using node@16 from host. 
[debug] [2023-05-19T15:57:00.878Z] Could not find functions.yaml. Must use http discovery
[debug] [2023-05-19T15:57:00.886Z] Found firebase-functions binary at 'C:\Users\k sagar\OneDrive\Desktop\gamer-freak\functions\node_modules\.bin\firebase-functions'
[debug] [2023-05-19T15:57:01.304Z] Serving at port 8168

[debug] [2023-05-19T15:57:01.319Z] Got response from /__/functions.yaml Failed to generate manifest from function source: SyntaxError: Unexpected end of input
[debug] [2023-05-19T15:57:01.322Z] Failed to parse functions.yamlincomplete explicit mapping pair; a key node is missed; or followed by a non-tabulated empty line at line 1, column 62:
     ... rom function source: SyntaxError: Unexpected end of input
                                         ^ {"name":"YAMLException","reason":"incomplete explicit mapping pair; a key node is missed; or followed by a non-tabulated empty line","mark":{"name":null,"buffer":"Failed to generate manifest from function source: SyntaxError: Unexpected end of input\n\u0000","position":61,"line":0,"column":61},"message":"incomplete explicit mapping pair; a key node is missed; or followed by a non-tabulated empty line at line 1, column 62:\n     ... rom function source: SyntaxError: Unexpected end of input\n                                         ^"}
[debug] [2023-05-19T15:57:01.325Z] shutdown requested via /__/quitquitquit

[error] !!  functions: Failed to load function definition from source: FirebaseError: Failed to load function definition from source: Failed to generate manifest from function source: SyntaxError: Unexpected end of input {"metadata":{"emulator":{"name":"functions"},"message":"Failed to load function definition from source: FirebaseError: Failed to load function definition from source: Failed to generate manifest from function source: SyntaxError: Unexpected end of input"}}
[info] 
┌─────────────────────────────────────────────────────────────┐
│ ✔  All emulators ready! It is now safe to connect your app. │
│ i  View Emulator UI at http://127.0.0.1:4000/               │
└─────────────────────────────────────────────────────────────┘

┌───────────┬────────────────┬─────────────────────────────────┐
│ Emulator  │ Host:Port      │ View in Emulator UI             │
├───────────┼────────────────┼─────────────────────────────────┤
│ Functions │ 127.0.0.1:5001 │ http://127.0.0.1:4000/functions │
├───────────┼────────────────┼─────────────────────────────────┤
│ Hosting   │ 127.0.0.1:5000 │ n/a                             │
└───────────┴────────────────┴─────────────────────────────────┘
  Emulator Hub running at 127.0.0.1:4400
  Other reserved ports: 4500

Issues? Report them at https://github.com/firebase/firebase-tools/issues and attach the *-debug.log files.
 
[debug] [2023-05-19T15:59:46.634Z] [work-queue] {"queuedWork":["/gamer-freak/us-central1/api/create-checkout-session-2023-05-19T15:59:46.634Z"],"queueLength":1,"runningWork":[],"workRunningCount":0}
[debug] [2023-05-19T15:59:46.635Z] [work-queue] {"queuedWork":[],"queueLength":0,"runningWork":["/gamer-freak/us-central1/api/create-checkout-session-2023-05-19T15:59:46.634Z"],"workRunningCount":1}
[debug] [2023-05-19T15:59:46.637Z] [work-queue] {"queuedWork":[],"queueLength":0,"runningWork":[],"workRunningCount":0}
[debug] [2023-05-19T16:01:23.103Z] File C:\Users\k sagar\OneDrive\Desktop\gamer-freak\functions\index.js changed, reloading triggers {"metadata":{"emulator":{"name":"functions"},"message":"File C:\\Users\\k sagar\\OneDrive\\Desktop\\gamer-freak\\functions\\index.js changed, reloading triggers"}}
[debug] [2023-05-19T16:01:24.111Z] Validating nodejs source
[warn] !  functions: package.json indicates an outdated version of firebase-functions. Please upgrade using npm install --save firebase-functions@latest in your functions directory. 
[debug] [2023-05-19T16:01:25.543Z] > [functions] package.json contents: {
  "name": "functions",
  "description": "Cloud Functions for Firebase",
  "scripts": {
    "serve": "firebase emulators:start --only functions",
    "shell": "firebase functions:shell",
    "start": "nodemon index.js",
    "deploy": "firebase deploy --only functions",
    "logs": "firebase functions:log"
  },
  "engines": {
    "node": "16"
  },
  "main": "index.js",
  "dependencies": {
    "cors": "^2.8.5",
    "express": "^4.18.2",
    "firebase-admin": "^11.5.0",
    "firebase-functions": "^4.2.0",
    "nodemon": "^2.0.22",
    "react-stripe": "^0.1.0",
    "stripe": "^12.2.0",
    "uuid": "^9.0.0"
  },
  "devDependencies": {
    "eslint-config-google": "^0.14.0",
    "firebase-functions-test": "^3.0.0"
  },
  "private": true
}
[debug] [2023-05-19T16:01:25.543Z] Building nodejs source
[debug] [2023-05-19T16:01:25.544Z] Failed to find version of module node: reached end of search path C:\Users\k sagar\OneDrive\Desktop\gamer-freak\functions\node_modules
[info] +  functions: Using node@16 from host. 
[debug] [2023-05-19T16:01:25.546Z] Could not find functions.yaml. Must use http discovery
[debug] [2023-05-19T16:01:25.553Z] Found firebase-functions binary at 'C:\Users\k sagar\OneDrive\Desktop\gamer-freak\functions\node_modules\.bin\firebase-functions'
[debug] [2023-05-19T16:01:25.950Z] Serving at port 8609

[debug] [2023-05-19T16:01:25.967Z] Got response from /__/functions.yaml Failed to generate manifest from function source: SyntaxError: Unexpected end of input
[debug] [2023-05-19T16:01:25.968Z] Failed to parse functions.yamlincomplete explicit mapping pair; a key node is missed; or followed by a non-tabulated empty line at line 1, column 62:
     ... rom function source: SyntaxError: Unexpected end of input
                                         ^ {"name":"YAMLException","reason":"incomplete explicit mapping pair; a key node is missed; or followed by a non-tabulated empty line","mark":{"name":null,"buffer":"Failed to generate manifest from function source: SyntaxError: Unexpected end of input\n\u0000","position":61,"line":0,"column":61},"message":"incomplete explicit mapping pair; a key node is missed; or followed by a non-tabulated empty line at line 1, column 62:\n     ... rom function source: SyntaxError: Unexpected end of input\n                                         ^"}
[debug] [2023-05-19T16:01:25.972Z] shutdown requested via /__/quitquitquit

[error] !!  functions: Failed to load function definition from source: FirebaseError: Failed to load function definition from source: Failed to generate manifest from function source: SyntaxError: Unexpected end of input {"metadata":{"emulator":{"name":"functions"},"message":"Failed to load function definition from source: FirebaseError: Failed to load function definition from source: Failed to generate manifest from function source: SyntaxError: Unexpected end of input"}}
[debug] [2023-05-19T16:01:28.597Z] File C:\Users\k sagar\OneDrive\Desktop\gamer-freak\functions\index.js changed, reloading triggers {"metadata":{"emulator":{"name":"functions"},"message":"File C:\\Users\\k sagar\\OneDrive\\Desktop\\gamer-freak\\functions\\index.js changed, reloading triggers"}}
[debug] [2023-05-19T16:01:29.599Z] Validating nodejs source
[warn] !  functions: package.json indicates an outdated version of firebase-functions. Please upgrade using npm install --save firebase-functions@latest in your functions directory. 
[debug] [2023-05-19T16:01:30.812Z] > [functions] package.json contents: {
  "name": "functions",
  "description": "Cloud Functions for Firebase",
  "scripts": {
    "serve": "firebase emulators:start --only functions",
    "shell": "firebase functions:shell",
    "start": "nodemon index.js",
    "deploy": "firebase deploy --only functions",
    "logs": "firebase functions:log"
  },
  "engines": {
    "node": "16"
  },
  "main": "index.js",
  "dependencies": {
    "cors": "^2.8.5",
    "express": "^4.18.2",
    "firebase-admin": "^11.5.0",
    "firebase-functions": "^4.2.0",
    "nodemon": "^2.0.22",
    "react-stripe": "^0.1.0",
    "stripe": "^12.2.0",
    "uuid": "^9.0.0"
  },
  "devDependencies": {
    "eslint-config-google": "^0.14.0",
    "firebase-functions-test": "^3.0.0"
  },
  "private": true
}
[debug] [2023-05-19T16:01:30.812Z] Building nodejs source
[debug] [2023-05-19T16:01:30.812Z] Failed to find version of module node: reached end of search path C:\Users\k sagar\OneDrive\Desktop\gamer-freak\functions\node_modules
[info] +  functions: Using node@16 from host. 
[debug] [2023-05-19T16:01:30.814Z] Could not find functions.yaml. Must use http discovery
[debug] [2023-05-19T16:01:30.820Z] Found firebase-functions binary at 'C:\Users\k sagar\OneDrive\Desktop\gamer-freak\functions\node_modules\.bin\firebase-functions'
[debug] [2023-05-19T16:01:31.084Z] Serving at port 8884

[debug] [2023-05-19T16:01:31.100Z] Got response from /__/functions.yaml Failed to generate manifest from function source: SyntaxError: missing ) after argument list
[debug] [2023-05-19T16:01:31.101Z] Failed to parse functions.yamlincomplete explicit mapping pair; a key node is missed; or followed by a non-tabulated empty line at line 1, column 62:
     ... rom function source: SyntaxError: missing ) after argument list
                                         ^ {"name":"YAMLException","reason":"incomplete explicit mapping pair; a key node is missed; or followed by a non-tabulated empty line","mark":{"name":null,"buffer":"Failed to generate manifest from function source: SyntaxError: missing ) after argument list\n\u0000","position":61,"line":0,"column":61},"message":"incomplete explicit mapping pair; a key node is missed; or followed by a non-tabulated empty line at line 1, column 62:\n     ... rom function source: SyntaxError: missing ) after argument list\n                                         ^"}
[debug] [2023-05-19T16:01:31.104Z] shutdown requested via /__/quitquitquit

[error] !!  functions: Failed to load function definition from source: FirebaseError: Failed to load function definition from source: Failed to generate manifest from function source: SyntaxError: missing ) after argument list {"metadata":{"emulator":{"name":"functions"},"message":"Failed to load function definition from source: FirebaseError: Failed to load function definition from source: Failed to generate manifest from function source: SyntaxError: missing ) after argument list"}}
[debug] [2023-05-19T16:02:32.482Z] File C:\Users\k sagar\OneDrive\Desktop\gamer-freak\functions\index.js changed, reloading triggers {"metadata":{"emulator":{"name":"functions"},"message":"File C:\\Users\\k sagar\\OneDrive\\Desktop\\gamer-freak\\functions\\index.js changed, reloading triggers"}}
[debug] [2023-05-19T16:02:33.483Z] Validating nodejs source
[warn] !  functions: package.json indicates an outdated version of firebase-functions. Please upgrade using npm install --save firebase-functions@latest in your functions directory. 
[debug] [2023-05-19T16:02:34.694Z] > [functions] package.json contents: {
  "name": "functions",
  "description": "Cloud Functions for Firebase",
  "scripts": {
    "serve": "firebase emulators:start --only functions",
    "shell": "firebase functions:shell",
    "start": "nodemon index.js",
    "deploy": "firebase deploy --only functions",
    "logs": "firebase functions:log"
  },
  "engines": {
    "node": "16"
  },
  "main": "index.js",
  "dependencies": {
    "cors": "^2.8.5",
    "express": "^4.18.2",
    "firebase-admin": "^11.5.0",
    "firebase-functions": "^4.2.0",
    "nodemon": "^2.0.22",
    "react-stripe": "^0.1.0",
    "stripe": "^12.2.0",
    "uuid": "^9.0.0"
  },
  "devDependencies": {
    "eslint-config-google": "^0.14.0",
    "firebase-functions-test": "^3.0.0"
  },
  "private": true
}
[debug] [2023-05-19T16:02:34.694Z] Building nodejs source
[debug] [2023-05-19T16:02:34.694Z] Failed to find version of module node: reached end of search path C:\Users\k sagar\OneDrive\Desktop\gamer-freak\functions\node_modules
[info] +  functions: Using node@16 from host. 
[debug] [2023-05-19T16:02:34.696Z] Could not find functions.yaml. Must use http discovery
[debug] [2023-05-19T16:02:34.702Z] Found firebase-functions binary at 'C:\Users\k sagar\OneDrive\Desktop\gamer-freak\functions\node_modules\.bin\firebase-functions'
[debug] [2023-05-19T16:02:34.947Z] Serving at port 8211

[debug] [2023-05-19T16:02:35.728Z] Got response from /__/functions.yaml {"endpoints":{"api":{"platform":"gcfv1","availableMemoryMb":null,"timeoutSeconds":null,"minInstances":null,"maxInstances":null,"ingressSettings":null,"serviceAccountEmail":null,"vpc":null,"httpsTrigger":{},"entryPoint":"api"}},"specVersion":"v1alpha1","requiredAPIs":[]}
[debug] [2023-05-19T16:02:35.735Z] shutdown requested via /__/quitquitquit

[info] +  functions: Loaded functions definitions from source: api. {"metadata":{"emulator":{"name":"functions"},"message":"Loaded functions definitions from source: api."}}
[info] +  functions[us-central1-api]: http function initialized (http://127.0.0.1:5001/gamer-freak/us-central1/api). {"metadata":{"emulator":{"name":"functions"},"message":"\u001b[1mhttp\u001b[22m function initialized (http://127.0.0.1:5001/gamer-freak/us-central1/api)."}}
[debug] [2023-05-19T16:02:56.871Z] File C:\Users\k sagar\OneDrive\Desktop\gamer-freak\functions\index.js changed, reloading triggers {"metadata":{"emulator":{"name":"functions"},"message":"File C:\\Users\\k sagar\\OneDrive\\Desktop\\gamer-freak\\functions\\index.js changed, reloading triggers"}}
[debug] [2023-05-19T16:02:57.873Z] Validating nodejs source
[warn] !  functions: package.json indicates an outdated version of firebase-functions. Please upgrade using npm install --save firebase-functions@latest in your functions directory. 
[debug] [2023-05-19T16:02:59.003Z] > [functions] package.json contents: {
  "name": "functions",
  "description": "Cloud Functions for Firebase",
  "scripts": {
    "serve": "firebase emulators:start --only functions",
    "shell": "firebase functions:shell",
    "start": "nodemon index.js",
    "deploy": "firebase deploy --only functions",
    "logs": "firebase functions:log"
  },
  "engines": {
    "node": "16"
  },
  "main": "index.js",
  "dependencies": {
    "cors": "^2.8.5",
    "express": "^4.18.2",
    "firebase-admin": "^11.5.0",
    "firebase-functions": "^4.2.0",
    "nodemon": "^2.0.22",
    "react-stripe": "^0.1.0",
    "stripe": "^12.2.0",
    "uuid": "^9.0.0"
  },
  "devDependencies": {
    "eslint-config-google": "^0.14.0",
    "firebase-functions-test": "^3.0.0"
  },
  "private": true
}
[debug] [2023-05-19T16:02:59.004Z] Building nodejs source
[debug] [2023-05-19T16:02:59.004Z] Failed to find version of module node: reached end of search path C:\Users\k sagar\OneDrive\Desktop\gamer-freak\functions\node_modules
[info] +  functions: Using node@16 from host. 
[debug] [2023-05-19T16:02:59.006Z] Could not find functions.yaml. Must use http discovery
[debug] [2023-05-19T16:02:59.011Z] Found firebase-functions binary at 'C:\Users\k sagar\OneDrive\Desktop\gamer-freak\functions\node_modules\.bin\firebase-functions'
[debug] [2023-05-19T16:02:59.260Z] Serving at port 8818

[debug] [2023-05-19T16:02:59.687Z] Got response from /__/functions.yaml {"endpoints":{"api":{"platform":"gcfv1","availableMemoryMb":null,"timeoutSeconds":null,"minInstances":null,"maxInstances":null,"ingressSettings":null,"serviceAccountEmail":null,"vpc":null,"httpsTrigger":{},"entryPoint":"api"}},"specVersion":"v1alpha1","requiredAPIs":[]}
[debug] [2023-05-19T16:02:59.691Z] shutdown requested via /__/quitquitquit

[info] +  functions: Loaded functions definitions from source: api. {"metadata":{"emulator":{"name":"functions"},"message":"Loaded functions definitions from source: api."}}
[debug] [2023-05-19T16:02:59.932Z] File C:\Users\k sagar\OneDrive\Desktop\gamer-freak\functions\index.js changed, reloading triggers {"metadata":{"emulator":{"name":"functions"},"message":"File C:\\Users\\k sagar\\OneDrive\\Desktop\\gamer-freak\\functions\\index.js changed, reloading triggers"}}
