[debug] [2023-01-05T14:51:32.151Z] ----------------------------------------------------------------------
[debug] [2023-01-05T14:51:32.153Z] Command:       C:\Program Files\nodejs\node.exe C:\Users\k sagar\AppData\Roaming\npm\node_modules\firebase-tools\lib\bin\firebase.js init
[debug] [2023-01-05T14:51:32.153Z] CLI Version:   11.19.0
[debug] [2023-01-05T14:51:32.154Z] Platform:      win32
[debug] [2023-01-05T14:51:32.154Z] Node Version:  v16.15.1
[debug] [2023-01-05T14:51:32.154Z] Time:          Thu Jan 05 2023 20:21:32 GMT+0530 (India Standard Time)
[debug] [2023-01-05T14:51:32.155Z] ----------------------------------------------------------------------
[debug] 
[debug] [2023-01-05T14:51:32.158Z] >>> [apiv2][query] GET https://firebase-public.firebaseio.com/cli.json [none]
[debug] [2023-01-05T14:51:32.179Z] > command requires scopes: ["email","openid","https://www.googleapis.com/auth/cloudplatformprojects.readonly","https://www.googleapis.com/auth/firebase","https://www.googleapis.com/auth/cloud-platform"]
[debug] [2023-01-05T14:51:32.180Z] > authorizing via signed-in user (sagar22krishna03@gmail.com)
[info] 
     ######## #### ########  ######## ########     ###     ######  ########
     ##        ##  ##     ## ##       ##     ##  ##   ##  ##       ##
     ######    ##  ########  ######   ########  #########  ######  ######
     ##        ##  ##    ##  ##       ##     ## ##     ##       ## ##
     ##       #### ##     ## ######## ########  ##     ##  ######  ########

You're about to initialize a Firebase project in this directory:

  C:\Users\k sagar\OneDrive\Desktop\gammer-freak

[debug] [2023-01-05T14:51:32.774Z] <<< [apiv2][status] GET https://firebase-public.firebaseio.com/cli.json 200
[debug] [2023-01-05T14:51:32.774Z] <<< [apiv2][body] GET https://firebase-public.firebaseio.com/cli.json {"cloudBuildErrorAfter":1594252800000,"cloudBuildWarnAfter":1590019200000,"defaultNode10After":1594252800000,"minVersion":"3.0.5","node8DeploysDisabledAfter":1613390400000,"node8RuntimeDisabledAfter":1615809600000,"node8WarnAfter":1600128000000}
